<?xml version='1.0' encoding='UTF-8'?>
<testsuite hostname="Zaraks-MacBook-Air.local" name="streams.BloxorzSuite" tests="14" errors="0" failures="2" skipped="0" time="0.121">
                     <properties>
[...]
</properties>
                     <testcase classname="streams.BloxorzSuite" name="terrain function level 1" time="0.049">
                                                 
                                               </testcase><testcase classname="streams.BloxorzSuite" name="findChar level 1" time="0.007">
                                                 
                                               </testcase><testcase classname="streams.BloxorzSuite" name="isStanding false when block is flat" time="0.011">
                                                 
                                               </testcase><testcase classname="streams.BloxorzSuite" name="isStanding true when block is upright" time="0.002">
                                                 
                                               </testcase><testcase classname="streams.BloxorzSuite" name="isLegal" time="0.003">
                                                 
                                               </testcase><testcase classname="streams.BloxorzSuite" name="starting block" time="0.004">
                                                 
                                               </testcase><testcase classname="streams.BloxorzSuite" name="neighbors" time="0.009">
                                                 
                                               </testcase><testcase classname="streams.BloxorzSuite" name="legal neighbors" time="0.004">
                                                 
                                               </testcase><testcase classname="streams.BloxorzSuite" name="block at goal is done" time="0.003">
                                                 
                                               </testcase><testcase classname="streams.BloxorzSuite" name="neighbors with history" time="0.006">
                                                 
                                               </testcase><testcase classname="streams.BloxorzSuite" name="new neighbors only" time="0.012">
                                                 
                                               </testcase><testcase classname="streams.BloxorzSuite" name="from test" time="0.002">
                                                 
                                               </testcase><testcase classname="streams.BloxorzSuite" name="optimal solution for level 1" time="0.007">
                                                 <failure message="an implementation is missing" type="scala.NotImplementedError">scala.NotImplementedError: an implementation is missing
	at scala.Predef$.$qmark$qmark$qmark(Predef.scala:230)
	at streams.Solver$class.solution(Solver.scala:106)
	at streams.BloxorzSuite$$anonfun$13$$anon$13.solution$lzycompute(BloxorzSuite.scala:170)
	at streams.BloxorzSuite$$anonfun$13$$anon$13.solution(BloxorzSuite.scala:170)
	at streams.BloxorzSuite$$anonfun$13$$anon$13.&lt;init&gt;(BloxorzSuite.scala:171)
	at streams.BloxorzSuite$$anonfun$13.apply$mcV$sp(BloxorzSuite.scala:170)
	at streams.BloxorzSuite$$anonfun$13.apply(BloxorzSuite.scala:170)
	at streams.BloxorzSuite$$anonfun$13.apply(BloxorzSuite.scala:170)
	at org.scalatest.Transformer$$anonfun$apply$1.apply$mcV$sp(Transformer.scala:22)
	at org.scalatest.OutcomeOf$class.outcomeOf(OutcomeOf.scala:85)
	at org.scalatest.OutcomeOf$.outcomeOf(OutcomeOf.scala:104)
	at org.scalatest.Transformer.apply(Transformer.scala:22)
	at org.scalatest.Transformer.apply(Transformer.scala:20)
	at org.scalatest.FunSuiteLike$$anon$1.apply(FunSuiteLike.scala:166)
	at org.scalatest.Suite$class.withFixture(Suite.scala:1122)
	at org.scalatest.FunSuite.withFixture(FunSuite.scala:1555)
	at org.scalatest.FunSuiteLike$class.invokeWithFixture$1(FunSuiteLike.scala:163)
	at org.scalatest.FunSuiteLike$$anonfun$runTest$1.apply(FunSuiteLike.scala:175)
	at org.scalatest.FunSuiteLike$$anonfun$runTest$1.apply(FunSuiteLike.scala:175)
	at org.scalatest.SuperEngine.runTestImpl(Engine.scala:306)
	at org.scalatest.FunSuiteLike$class.runTest(FunSuiteLike.scala:175)
	at org.scalatest.FunSuite.runTest(FunSuite.scala:1555)
	at org.scalatest.FunSuiteLike$$anonfun$runTests$1.apply(FunSuiteLike.scala:208)
	at org.scalatest.FunSuiteLike$$anonfun$runTests$1.apply(FunSuiteLike.scala:208)
	at org.scalatest.SuperEngine$$anonfun$traverseSubNodes$1$1.apply(Engine.scala:413)
	at org.scalatest.SuperEngine$$anonfun$traverseSubNodes$1$1.apply(Engine.scala:401)
	at scala.collection.immutable.List.foreach(List.scala:392)
	at org.scalatest.SuperEngine.traverseSubNodes$1(Engine.scala:401)
	at org.scalatest.SuperEngine.org$scalatest$SuperEngine$$runTestsInBranch(Engine.scala:396)
	at org.scalatest.SuperEngine.runTestsImpl(Engine.scala:483)
	at org.scalatest.FunSuiteLike$class.runTests(FunSuiteLike.scala:208)
	at org.scalatest.FunSuite.runTests(FunSuite.scala:1555)
	at org.scalatest.Suite$class.run(Suite.scala:1424)
	at org.scalatest.FunSuite.org$scalatest$FunSuiteLike$$super$run(FunSuite.scala:1555)
	at org.scalatest.FunSuiteLike$$anonfun$run$1.apply(FunSuiteLike.scala:212)
	at org.scalatest.FunSuiteLike$$anonfun$run$1.apply(FunSuiteLike.scala:212)
	at org.scalatest.SuperEngine.runImpl(Engine.scala:545)
	at org.scalatest.FunSuiteLike$class.run(FunSuiteLike.scala:212)
	at org.scalatest.FunSuite.run(FunSuite.scala:1555)
	at org.scalatest.tools.Framework.org$scalatest$tools$Framework$$runSuite(Framework.scala:466)
	at org.scalatest.tools.Framework$ScalaTestTask.execute(Framework.scala:677)
	at sbt.TestRunner.runTest$1(TestFramework.scala:76)
	at sbt.TestRunner.run(TestFramework.scala:85)
	at sbt.TestFramework$$anon$2$$anonfun$$init$$1$$anonfun$apply$8.apply(TestFramework.scala:202)
	at sbt.TestFramework$$anon$2$$anonfun$$init$$1$$anonfun$apply$8.apply(TestFramework.scala:202)
	at sbt.TestFramework$.sbt$TestFramework$$withContextLoader(TestFramework.scala:185)
	at sbt.TestFramework$$anon$2$$anonfun$$init$$1.apply(TestFramework.scala:202)
	at sbt.TestFramework$$anon$2$$anonfun$$init$$1.apply(TestFramework.scala:202)
	at sbt.TestFunction.apply(TestFramework.scala:207)
	at sbt.Tests$$anonfun$9.apply(Tests.scala:216)
	at sbt.Tests$$anonfun$9.apply(Tests.scala:216)
	at sbt.std.Transform$$anon$3$$anonfun$apply$2.apply(System.scala:44)
	at sbt.std.Transform$$anon$3$$anonfun$apply$2.apply(System.scala:44)
	at sbt.std.Transform$$anon$4.work(System.scala:63)
	at sbt.Execute$$anonfun$submit$1$$anonfun$apply$1.apply(Execute.scala:228)
	at sbt.Execute$$anonfun$submit$1$$anonfun$apply$1.apply(Execute.scala:228)
	at sbt.ErrorHandling$.wideConvert(ErrorHandling.scala:17)
	at sbt.Execute.work(Execute.scala:237)
	at sbt.Execute$$anonfun$submit$1.apply(Execute.scala:228)
	at sbt.Execute$$anonfun$submit$1.apply(Execute.scala:228)
	at sbt.ConcurrentRestrictions$$anon$4$$anonfun$1.apply(ConcurrentRestrictions.scala:159)
	at sbt.CompletionService$$anon$2.call(CompletionService.scala:28)
	at java.util.concurrent.FutureTask.run(FutureTask.java:266)
	at java.util.concurrent.Executors$RunnableAdapter.call(Executors.java:511)
	at java.util.concurrent.FutureTask.run(FutureTask.java:266)
	at java.util.concurrent.ThreadPoolExecutor.runWorker(ThreadPoolExecutor.java:1149)
	at java.util.concurrent.ThreadPoolExecutor$Worker.run(ThreadPoolExecutor.java:624)
	at java.lang.Thread.run(Thread.java:748)
</failure>
                                               </testcase><testcase classname="streams.BloxorzSuite" name="optimal solution length for level 1" time="0.002">
                                                 <failure message="an implementation is missing" type="scala.NotImplementedError">scala.NotImplementedError: an implementation is missing
	at scala.Predef$.$qmark$qmark$qmark(Predef.scala:230)
	at streams.Solver$class.solution(Solver.scala:106)
	at streams.BloxorzSuite$$anonfun$14$$anon$14.solution$lzycompute(BloxorzSuite.scala:177)
	at streams.BloxorzSuite$$anonfun$14$$anon$14.solution(BloxorzSuite.scala:177)
	at streams.BloxorzSuite$$anonfun$14$$anon$14.&lt;init&gt;(BloxorzSuite.scala:178)
	at streams.BloxorzSuite$$anonfun$14.apply$mcV$sp(BloxorzSuite.scala:177)
	at streams.BloxorzSuite$$anonfun$14.apply(BloxorzSuite.scala:177)
	at streams.BloxorzSuite$$anonfun$14.apply(BloxorzSuite.scala:177)
	at org.scalatest.Transformer$$anonfun$apply$1.apply$mcV$sp(Transformer.scala:22)
	at org.scalatest.OutcomeOf$class.outcomeOf(OutcomeOf.scala:85)
	at org.scalatest.OutcomeOf$.outcomeOf(OutcomeOf.scala:104)
	at org.scalatest.Transformer.apply(Transformer.scala:22)
	at org.scalatest.Transformer.apply(Transformer.scala:20)
	at org.scalatest.FunSuiteLike$$anon$1.apply(FunSuiteLike.scala:166)
	at org.scalatest.Suite$class.withFixture(Suite.scala:1122)
	at org.scalatest.FunSuite.withFixture(FunSuite.scala:1555)
	at org.scalatest.FunSuiteLike$class.invokeWithFixture$1(FunSuiteLike.scala:163)
	at org.scalatest.FunSuiteLike$$anonfun$runTest$1.apply(FunSuiteLike.scala:175)
	at org.scalatest.FunSuiteLike$$anonfun$runTest$1.apply(FunSuiteLike.scala:175)
	at org.scalatest.SuperEngine.runTestImpl(Engine.scala:306)
	at org.scalatest.FunSuiteLike$class.runTest(FunSuiteLike.scala:175)
	at org.scalatest.FunSuite.runTest(FunSuite.scala:1555)
	at org.scalatest.FunSuiteLike$$anonfun$runTests$1.apply(FunSuiteLike.scala:208)
	at org.scalatest.FunSuiteLike$$anonfun$runTests$1.apply(FunSuiteLike.scala:208)
	at org.scalatest.SuperEngine$$anonfun$traverseSubNodes$1$1.apply(Engine.scala:413)
	at org.scalatest.SuperEngine$$anonfun$traverseSubNodes$1$1.apply(Engine.scala:401)
	at scala.collection.immutable.List.foreach(List.scala:392)
	at org.scalatest.SuperEngine.traverseSubNodes$1(Engine.scala:401)
	at org.scalatest.SuperEngine.org$scalatest$SuperEngine$$runTestsInBranch(Engine.scala:396)
	at org.scalatest.SuperEngine.runTestsImpl(Engine.scala:483)
	at org.scalatest.FunSuiteLike$class.runTests(FunSuiteLike.scala:208)
	at org.scalatest.FunSuite.runTests(FunSuite.scala:1555)
	at org.scalatest.Suite$class.run(Suite.scala:1424)
	at org.scalatest.FunSuite.org$scalatest$FunSuiteLike$$super$run(FunSuite.scala:1555)
	at org.scalatest.FunSuiteLike$$anonfun$run$1.apply(FunSuiteLike.scala:212)
	at org.scalatest.FunSuiteLike$$anonfun$run$1.apply(FunSuiteLike.scala:212)
	at org.scalatest.SuperEngine.runImpl(Engine.scala:545)
	at org.scalatest.FunSuiteLike$class.run(FunSuiteLike.scala:212)
	at org.scalatest.FunSuite.run(FunSuite.scala:1555)
	at org.scalatest.tools.Framework.org$scalatest$tools$Framework$$runSuite(Framework.scala:466)
	at org.scalatest.tools.Framework$ScalaTestTask.execute(Framework.scala:677)
	at sbt.TestRunner.runTest$1(TestFramework.scala:76)
	at sbt.TestRunner.run(TestFramework.scala:85)
	at sbt.TestFramework$$anon$2$$anonfun$$init$$1$$anonfun$apply$8.apply(TestFramework.scala:202)
	at sbt.TestFramework$$anon$2$$anonfun$$init$$1$$anonfun$apply$8.apply(TestFramework.scala:202)
	at sbt.TestFramework$.sbt$TestFramework$$withContextLoader(TestFramework.scala:185)
	at sbt.TestFramework$$anon$2$$anonfun$$init$$1.apply(TestFramework.scala:202)
	at sbt.TestFramework$$anon$2$$anonfun$$init$$1.apply(TestFramework.scala:202)
	at sbt.TestFunction.apply(TestFramework.scala:207)
	at sbt.Tests$$anonfun$9.apply(Tests.scala:216)
	at sbt.Tests$$anonfun$9.apply(Tests.scala:216)
	at sbt.std.Transform$$anon$3$$anonfun$apply$2.apply(System.scala:44)
	at sbt.std.Transform$$anon$3$$anonfun$apply$2.apply(System.scala:44)
	at sbt.std.Transform$$anon$4.work(System.scala:63)
	at sbt.Execute$$anonfun$submit$1$$anonfun$apply$1.apply(Execute.scala:228)
	at sbt.Execute$$anonfun$submit$1$$anonfun$apply$1.apply(Execute.scala:228)
	at sbt.ErrorHandling$.wideConvert(ErrorHandling.scala:17)
	at sbt.Execute.work(Execute.scala:237)
	at sbt.Execute$$anonfun$submit$1.apply(Execute.scala:228)
	at sbt.Execute$$anonfun$submit$1.apply(Execute.scala:228)
	at sbt.ConcurrentRestrictions$$anon$4$$anonfun$1.apply(ConcurrentRestrictions.scala:159)
	at sbt.CompletionService$$anon$2.call(CompletionService.scala:28)
	at java.util.concurrent.FutureTask.run(FutureTask.java:266)
	at java.util.concurrent.Executors$RunnableAdapter.call(Executors.java:511)
	at java.util.concurrent.FutureTask.run(FutureTask.java:266)
	at java.util.concurrent.ThreadPoolExecutor.runWorker(ThreadPoolExecutor.java:1149)
	at java.util.concurrent.ThreadPoolExecutor$Worker.run(ThreadPoolExecutor.java:624)
	at java.lang.Thread.run(Thread.java:748)
</failure>
                                               </testcase>
                     <system-out></system-out>
                     <system-err></system-err>
                   </testsuite>